0 info it worked if it ends with ok
1 verbose cli [ 'D:\\nodejs\\node.exe',
1 verbose cli   'C:\\Users\\哲儒\\AppData\\Roaming\\npm\\node_modules\\npm\\bin\\npm-cli.js',
1 verbose cli   'run',
1 verbose cli   'start' ]
2 info using npm@4.0.3
3 info using node@v6.9.2
4 verbose run-script [ 'prestart', 'start', 'poststart' ]
5 info lifecycle todolist@1.0.0~prestart: todolist@1.0.0
6 silly lifecycle todolist@1.0.0~prestart: no script for prestart, continuing
7 info lifecycle todolist@1.0.0~start: todolist@1.0.0
8 verbose lifecycle todolist@1.0.0~start: unsafe-perm in lifecycle true
9 verbose lifecycle todolist@1.0.0~start: PATH: C:\Users\哲儒\AppData\Roaming\npm\node_modules\npm\bin\node-gyp-bin;D:\goodideaswork\API\node_modules\.bin;C:\Users\哲儒\bin;D:\Git\mingw64\bin;D:\Git\usr\local\bin;D:\Git\usr\bin;D:\Git\usr\bin;D:\Git\mingw64\bin;D:\Git\usr\bin;C:\Users\哲儒\bin;D:\ImageMagick-7.0.4-Q16;C:\Program Files\Java\jdk1.8.0_65\bin;C:\ProgramData\Oracle\Java\javapath;C:\Program Files (x86)\Intel\iCLS Client;C:\Program Files\Intel\iCLS Client;C:\Program Files (x86)\NVIDIA Corporation\PhysX\Common;C:\WINDOWS\system32;C:\WINDOWS;C:\WINDOWS\System32\Wbem;C:\WINDOWS\System32\WindowsPowerShell\v1.0;C:\Program Files\Intel\Intel(R) Management Engine Components\DAL;C:\Program Files\Intel\Intel(R) Management Engine Components\IPT;C:\Program Files (x86)\Intel\Intel(R) Management Engine Components\DAL;C:\Program Files (x86)\Intel\Intel(R) Management Engine Components\IPT;C:\Program Files\Intel\WiFi\bin;C:\Program Files\Common Files\Intel\WirelessCommon;D:\nodejs;D:\Git\cmd;C:\Program Files\Intel\WiFi\bin;C:\Program Files\Common Files\Intel\WirelessCommon;C:\Users\哲儒\AppData\Local\Microsoft\WindowsApps;C:\Users\哲儒\AppData\Roaming\npm;D:\Git\usr\bin\vendor_perl;D:\Git\usr\bin\core_perl
10 verbose lifecycle todolist@1.0.0~start: CWD: D:\goodideaswork\API
11 silly lifecycle todolist@1.0.0~start: Args: [ '/d /s /c', 'node server.js' ]
12 silly lifecycle todolist@1.0.0~start: Returned: code: 1  signal: null
13 info lifecycle todolist@1.0.0~start: Failed to exec start script
14 verbose stack Error: todolist@1.0.0 start: `node server.js`
14 verbose stack Exit status 1
14 verbose stack     at EventEmitter.<anonymous> (C:\Users\哲儒\AppData\Roaming\npm\node_modules\npm\lib\utils\lifecycle.js:279:16)
14 verbose stack     at emitTwo (events.js:106:13)
14 verbose stack     at EventEmitter.emit (events.js:191:7)
14 verbose stack     at ChildProcess.<anonymous> (C:\Users\哲儒\AppData\Roaming\npm\node_modules\npm\lib\utils\spawn.js:40:14)
14 verbose stack     at emitTwo (events.js:106:13)
14 verbose stack     at ChildProcess.emit (events.js:191:7)
14 verbose stack     at maybeClose (internal/child_process.js:877:16)
14 verbose stack     at Process.ChildProcess._handle.onexit (internal/child_process.js:226:5)
15 verbose pkgid todolist@1.0.0
16 verbose cwd D:\goodideaswork\API
17 error Windows_NT 10.0.14393
18 error argv "D:\\nodejs\\node.exe" "C:\\Users\\哲儒\\AppData\\Roaming\\npm\\node_modules\\npm\\bin\\npm-cli.js" "run" "start"
19 error node v6.9.2
20 error npm  v4.0.3
21 error code ELIFECYCLE
22 error todolist@1.0.0 start: `node server.js`
22 error Exit status 1
23 error Failed at the todolist@1.0.0 start script 'node server.js'.
23 error Make sure you have the latest version of node.js and npm installed.
23 error If you do, this is most likely a problem with the todolist package,
23 error not with npm itself.
23 error Tell the author that this fails on your system:
23 error     node server.js
23 error You can get information on how to open an issue for this project with:
23 error     npm bugs todolist
23 error Or if that isn't available, you can get their info via:
23 error     npm owner ls todolist
23 error There is likely additional logging output above.
24 verbose exit [ 1, true ]
